<?xml version="1.0" encoding="UTF-8"?>
<testsuite name="TestSuite" time="75.955" tests="3" errors="0" skipped="2" failures="1">
  <properties>
[...]
</properties>
  <testcase name="Setup" classname="com.uiautomation.testscripts.LoginTest" time="75.955">
    <failure message="Failed to connect to binary FirefoxBinary(C:\Program Files\Mozilla Firefox\firefox.exe) on port 7055; process output follows: &#10;1418695349875	addons.manager	DEBUG	Application has been upgraded&#10;1418695350361	addons.manager	DEBUG	Loaded provider scope for resource://gre/modules/addons/XPIProvider.jsm: [&quot;XPIProvider&quot;]&#10;1418695350364	addons.manager	DEBUG	Loaded provider scope for resource://gre/modules/LightweightThemeManager.jsm: [&quot;LightweightThemeManager&quot;]&#10;1418695350399	addons.xpi	DEBUG	startup&#10;1418695350401	addons.xpi	INFO	Mapping faststartff@gmail.com to C:\Users\hp\AppData\Roaming\Mozilla\Firefox\Profiles\lj499ow5.default\extensions\faststartff@gmail.com&#10;1418695350453	addons.xpi	DEBUG	Skipping unavailable install location app-system-local&#10;1418695350454	addons.xpi	DEBUG	Skipping unavailable install location app-system-share&#10;1418695350455	addons.xpi	INFO	Mapping {972ce4c6-7e08-4474-a285-3208198ce6fd} to C:\Program Files\Mozilla Firefox\browser\extensions\{972ce4c6-7e08-4474-a285-3208198ce6fd}&#10;1418695350556	addons.xpi	INFO	Mapping fxdriver@googlecode.com to C:\Users\hp\AppData\Local\Temp\anonymous1145149162888444411webdriver-profile\extensions\fxdriver@googlecode.com&#10;1418695350561	addons.xpi	DEBUG	Ignoring file entry whose name is not a valid add-on ID: C:\Users\hp\AppData\Local\Temp\anonymous1145149162888444411webdriver-profile\extensions\webdriver-staging&#10;1418695350563	addons.xpi	DEBUG	checkForChanges&#10;&#10;Build info: version: &apos;2.44.0&apos;, revision: &apos;76d78cf323ce037c5f92db6c1bba601c2ac43ad8&apos;, time: &apos;2014-10-23 13:11:40&apos;&#10;System info: host: &apos;hp-PC&apos;, ip: &apos;103.240.171.97&apos;, os.name: &apos;Windows 7&apos;, os.arch: &apos;x86&apos;, os.version: &apos;6.1&apos;, java.version: &apos;1.7.0_71&apos;&#10;Driver info: driver.version: FirefoxDriver" type="org.openqa.selenium.WebDriverException"><![CDATA[org.openqa.selenium.WebDriverException: Failed to connect to binary FirefoxBinary(C:\Program Files\Mozilla Firefox\firefox.exe) on port 7055; process output follows: 
1418695349875	addons.manager	DEBUG	Application has been upgraded
1418695350361	addons.manager	DEBUG	Loaded provider scope for resource://gre/modules/addons/XPIProvider.jsm: ["XPIProvider"]
1418695350364	addons.manager	DEBUG	Loaded provider scope for resource://gre/modules/LightweightThemeManager.jsm: ["LightweightThemeManager"]
1418695350399	addons.xpi	DEBUG	startup
1418695350401	addons.xpi	INFO	Mapping faststartff@gmail.com to C:\Users\hp\AppData\Roaming\Mozilla\Firefox\Profiles\lj499ow5.default\extensions\faststartff@gmail.com
1418695350453	addons.xpi	DEBUG	Skipping unavailable install location app-system-local
1418695350454	addons.xpi	DEBUG	Skipping unavailable install location app-system-share
1418695350455	addons.xpi	INFO	Mapping {972ce4c6-7e08-4474-a285-3208198ce6fd} to C:\Program Files\Mozilla Firefox\browser\extensions\{972ce4c6-7e08-4474-a285-3208198ce6fd}
1418695350556	addons.xpi	INFO	Mapping fxdriver@googlecode.com to C:\Users\hp\AppData\Local\Temp\anonymous1145149162888444411webdriver-profile\extensions\fxdriver@googlecode.com
1418695350561	addons.xpi	DEBUG	Ignoring file entry whose name is not a valid add-on ID: C:\Users\hp\AppData\Local\Temp\anonymous1145149162888444411webdriver-profile\extensions\webdriver-staging
1418695350563	addons.xpi	DEBUG	checkForChanges

Build info: version: '2.44.0', revision: '76d78cf323ce037c5f92db6c1bba601c2ac43ad8', time: '2014-10-23 13:11:40'
System info: host: 'hp-PC', ip: '103.240.171.97', os.name: 'Windows 7', os.arch: 'x86', os.version: '6.1', java.version: '1.7.0_71'
Driver info: driver.version: FirefoxDriver
	at org.openqa.selenium.os.UnixProcess.waitFor(UnixProcess.java:148)
	at org.openqa.selenium.os.CommandLine.waitFor(CommandLine.java:129)
	at org.openqa.selenium.firefox.FirefoxBinary.waitFor(FirefoxBinary.java:222)
	at org.openqa.selenium.firefox.FirefoxBinary.clean(FirefoxBinary.java:242)
	at org.openqa.selenium.firefox.internal.NewProfileExtensionConnection.start(NewProfileExtensionConnection.java:91)
	at org.openqa.selenium.firefox.FirefoxDriver.startClient(FirefoxDriver.java:246)
	at org.openqa.selenium.remote.RemoteWebDriver.<init>(RemoteWebDriver.java:114)
	at org.openqa.selenium.firefox.FirefoxDriver.<init>(FirefoxDriver.java:191)
	at org.openqa.selenium.firefox.FirefoxDriver.<init>(FirefoxDriver.java:186)
	at org.openqa.selenium.firefox.FirefoxDriver.<init>(FirefoxDriver.java:182)
	at org.openqa.selenium.firefox.FirefoxDriver.<init>(FirefoxDriver.java:95)
	at com.uiautomation.testscripts.LoginTest.Setup(LoginTest.java:26)
]]></failure>
  </testcase>
  <testcase name="loginToDummyTest" classname="com.uiautomation.testscripts.LoginTest" time="0">
    <skipped/>
  </testcase>
  <testcase name="tearDown" classname="com.uiautomation.testscripts.LoginTest" time="0">
    <skipped/>
  </testcase>
</testsuite>